<?xml version="1.0" encoding="utf-8"?><testsuites name="pytest tests"><testsuite name="pytest" errors="0" failures="0" skipped="0" tests="38" time="63.283" timestamp="2026-02-20T23:34:15.226269+00:00" hostname="agent-env-aefc64d8-f022-42ff-b531-1a106107e737"><testcase classname="backend.tests.test_engagement_milestones.TestEngagementMilestonesEndpoint" name="test_engagement_milestones_endpoint_returns_correct_structure" time="0.252" /><testcase classname="backend.tests.test_engagement_milestones.TestEngagementMilestonesEndpoint" name="test_engagement_milestones_has_three_cards" time="0.248" /><testcase classname="backend.tests.test_engagement_milestones.TestEngagementMilestonesEndpoint" name="test_engagement_milestone_card_structure" time="0.294" /><testcase classname="backend.tests.test_engagement_milestones.TestDedicatedFanMilestone" name="test_dedicated_fan_requirement_is_30" time="0.245" /><testcase classname="backend.tests.test_engagement_milestones.TestDedicatedFanMilestone" name="test_dedicated_fan_tracks_current_streak_as_progress" time="0.287" /><testcase classname="backend.tests.test_engagement_milestones.TestBigSpenderMilestone" name="test_big_spender_requirement_is_750" time="0.262" /><testcase classname="backend.tests.test_engagement_milestones.TestBigSpenderMilestone" name="test_purchase_tracks_total_spent_coins" time="0.707" /><testcase classname="backend.tests.test_engagement_milestones.TestBigSpenderMilestone" name="test_big_spender_progress_tracks_total_spent" time="0.254" /><testcase classname="backend.tests.test_engagement_milestones.TestMonthlyMasterMilestone" name="test_monthly_master_requirement_is_20" time="0.243" /><testcase classname="backend.tests.test_engagement_milestones.TestMonthlyMasterMilestone" name="test_daily_login_tracks_monthly_logins" time="0.750" /><testcase classname="backend.tests.test_engagement_milestones.TestMonthlyMasterMilestone" name="test_monthly_master_progress_tracks_current_month" time="0.268" /><testcase classname="backend.tests.test_engagement_milestones.TestEngagementMilestoneUnlocking" name="test_new_user_all_engagement_cards_locked" time="0.240" /><testcase classname="backend.tests.test_engagement_milestones.TestEngagementMilestoneUnlocking" name="test_purchase_locked_engagement_card_fails" time="36.160" /><testcase classname="backend.tests.test_engagement_milestones.TestEngagementMilestoneUnlocking" name="test_dedicated_fan_card_error_message" time="0.248" /><testcase classname="backend.tests.test_engagement_milestones.TestEngagementMilestoneUnlocking" name="test_big_spender_card_error_message" time="0.250" /><testcase classname="backend.tests.test_engagement_milestones.TestEngagementMilestoneUnlocking" name="test_monthly_master_card_error_message" time="0.306" /><testcase classname="backend.tests.test_engagement_milestones.TestEngagementCardsInShop" name="test_engagement_cards_have_engagement_milestone_field" time="0.107" /><testcase classname="backend.tests.test_engagement_milestones.TestEngagementCardsInShop" name="test_engagement_cards_are_not_available" time="0.134" /><testcase classname="backend.tests.test_engagement_milestones.TestEngagementCardsInShop" name="test_engagement_cards_cost_50_coins" time="0.163" /><testcase classname="backend.tests.test_engagement_milestones.TestDailyLoginEngagement" name="test_daily_login_returns_engagement_unlock" time="0.303" /><testcase classname="backend.tests.test_engagement_milestones.TestPurchaseEngagement" name="test_purchase_returns_engagement_unlock" time="0.397" /><testcase classname="backend.tests.test_engagement_milestones.TestUserModelEngagementFields" name="test_user_has_total_spent_coins_field" time="0.271" /><testcase classname="backend.tests.test_engagement_milestones.TestUserModelEngagementFields" name="test_user_has_monthly_logins_field" time="11.520" /><testcase classname="backend.tests.test_rare_epic_purchase.TestHealthAndSetup" name="test_api_health" time="0.098" /><testcase classname="backend.tests.test_rare_epic_purchase.TestHealthAndSetup" name="test_cards_endpoint" time="0.102" /><testcase classname="backend.tests.test_rare_epic_purchase.TestRareCardPurchase" name="test_check_rare_cards_new_user" time="0.262" /><testcase classname="backend.tests.test_rare_epic_purchase.TestRareCardPurchase" name="test_purchase_locked_rare_card_fails" time="0.423" /><testcase classname="backend.tests.test_rare_epic_purchase.TestRareCardPurchase" name="test_rare_card_unlocks_after_collecting_cards" time="1.405" /><testcase classname="backend.tests.test_rare_epic_purchase.TestEpicCardPurchase" name="test_check_epic_cards_new_user" time="2.298" /><testcase classname="backend.tests.test_rare_epic_purchase.TestEpicCardPurchase" name="test_purchase_locked_epic_card_fails" time="0.347" /><testcase classname="backend.tests.test_rare_epic_purchase.TestEpicCardPurchase" name="test_epic_cards_list_structure" time="0.326" /><testcase classname="backend.tests.test_rare_epic_purchase.TestPurchaseCoinsDeduction" name="test_common_card_purchase_deducts_coins" time="0.474" /><testcase classname="backend.tests.test_rare_epic_purchase.TestPurchaseCoinsDeduction" name="test_insufficient_coins_purchase_fails" time="1.166" /><testcase classname="backend.tests.test_rare_epic_purchase.TestRareCardCost" name="test_rare_cards_cost_75" time="0.100" /><testcase classname="backend.tests.test_rare_epic_purchase.TestEpicCardCost" name="test_epic_cards_cost_100" time="0.126" /><testcase classname="backend.tests.test_rare_epic_purchase.TestComingSoonCards" name="test_unavailable_card_purchase_fails" time="1.915" /><testcase classname="backend.tests.test_rare_epic_purchase.TestRareCardUnlockRequirements" name="test_rare_cards_have_achievement_requirements" time="0.120" /><testcase classname="backend.tests.test_rare_epic_purchase.TestEpicCardStreakRequirements" name="test_epic_cards_have_streak_requirements" time="0.114" /></testsuite></testsuites>