<?xml version="1.0" encoding="utf-8"?><testsuites name="pytest tests"><testsuite name="pytest" errors="0" failures="0" skipped="0" tests="23" time="7.364" timestamp="2026-02-20T23:33:40.218544+00:00" hostname="agent-env-aefc64d8-f022-42ff-b531-1a106107e737"><testcase classname="backend.tests.test_engagement_milestones.TestEngagementMilestonesEndpoint" name="test_engagement_milestones_endpoint_returns_correct_structure" time="0.368" /><testcase classname="backend.tests.test_engagement_milestones.TestEngagementMilestonesEndpoint" name="test_engagement_milestones_has_three_cards" time="0.301" /><testcase classname="backend.tests.test_engagement_milestones.TestEngagementMilestonesEndpoint" name="test_engagement_milestone_card_structure" time="0.501" /><testcase classname="backend.tests.test_engagement_milestones.TestDedicatedFanMilestone" name="test_dedicated_fan_requirement_is_30" time="0.382" /><testcase classname="backend.tests.test_engagement_milestones.TestDedicatedFanMilestone" name="test_dedicated_fan_tracks_current_streak_as_progress" time="0.563" /><testcase classname="backend.tests.test_engagement_milestones.TestBigSpenderMilestone" name="test_big_spender_requirement_is_750" time="0.255" /><testcase classname="backend.tests.test_engagement_milestones.TestBigSpenderMilestone" name="test_purchase_tracks_total_spent_coins" time="0.667" /><testcase classname="backend.tests.test_engagement_milestones.TestBigSpenderMilestone" name="test_big_spender_progress_tracks_total_spent" time="0.262" /><testcase classname="backend.tests.test_engagement_milestones.TestMonthlyMasterMilestone" name="test_monthly_master_requirement_is_20" time="0.246" /><testcase classname="backend.tests.test_engagement_milestones.TestMonthlyMasterMilestone" name="test_daily_login_tracks_monthly_logins" time="0.570" /><testcase classname="backend.tests.test_engagement_milestones.TestMonthlyMasterMilestone" name="test_monthly_master_progress_tracks_current_month" time="0.213" /><testcase classname="backend.tests.test_engagement_milestones.TestEngagementMilestoneUnlocking" name="test_new_user_all_engagement_cards_locked" time="0.268" /><testcase classname="backend.tests.test_engagement_milestones.TestEngagementMilestoneUnlocking" name="test_purchase_locked_engagement_card_fails" time="0.356" /><testcase classname="backend.tests.test_engagement_milestones.TestEngagementMilestoneUnlocking" name="test_dedicated_fan_card_error_message" time="0.261" /><testcase classname="backend.tests.test_engagement_milestones.TestEngagementMilestoneUnlocking" name="test_big_spender_card_error_message" time="0.225" /><testcase classname="backend.tests.test_engagement_milestones.TestEngagementMilestoneUnlocking" name="test_monthly_master_card_error_message" time="0.298" /><testcase classname="backend.tests.test_engagement_milestones.TestEngagementCardsInShop" name="test_engagement_cards_have_engagement_milestone_field" time="0.113" /><testcase classname="backend.tests.test_engagement_milestones.TestEngagementCardsInShop" name="test_engagement_cards_are_not_available" time="0.109" /><testcase classname="backend.tests.test_engagement_milestones.TestEngagementCardsInShop" name="test_engagement_cards_cost_50_coins" time="0.113" /><testcase classname="backend.tests.test_engagement_milestones.TestDailyLoginEngagement" name="test_daily_login_returns_engagement_unlock" time="0.260" /><testcase classname="backend.tests.test_engagement_milestones.TestPurchaseEngagement" name="test_purchase_returns_engagement_unlock" time="0.414" /><testcase classname="backend.tests.test_engagement_milestones.TestUserModelEngagementFields" name="test_user_has_total_spent_coins_field" time="0.254" /><testcase classname="backend.tests.test_engagement_milestones.TestUserModelEngagementFields" name="test_user_has_monthly_logins_field" time="0.226" /></testsuite></testsuites>