<?xml version="1.0" encoding="utf-8"?><testsuites name="pytest tests"><testsuite name="pytest" errors="0" failures="0" skipped="0" tests="15" time="5.132" timestamp="2026-02-19T05:19:31.777751+00:00" hostname="agent-env-d8011cf8-6a2c-46e8-aa27-9a62000246c8"><testcase classname="backend.tests.test_rare_epic_purchase.TestHealthAndSetup" name="test_api_health" time="0.251" /><testcase classname="backend.tests.test_rare_epic_purchase.TestHealthAndSetup" name="test_cards_endpoint" time="0.143" /><testcase classname="backend.tests.test_rare_epic_purchase.TestRareCardPurchase" name="test_check_rare_cards_new_user" time="0.216" /><testcase classname="backend.tests.test_rare_epic_purchase.TestRareCardPurchase" name="test_purchase_locked_rare_card_fails" time="0.360" /><testcase classname="backend.tests.test_rare_epic_purchase.TestRareCardPurchase" name="test_rare_card_unlocks_after_collecting_cards" time="1.236" /><testcase classname="backend.tests.test_rare_epic_purchase.TestEpicCardPurchase" name="test_check_epic_cards_new_user" time="0.263" /><testcase classname="backend.tests.test_rare_epic_purchase.TestEpicCardPurchase" name="test_purchase_locked_epic_card_fails" time="0.334" /><testcase classname="backend.tests.test_rare_epic_purchase.TestEpicCardPurchase" name="test_epic_cards_list_structure" time="0.231" /><testcase classname="backend.tests.test_rare_epic_purchase.TestPurchaseCoinsDeduction" name="test_common_card_purchase_deducts_coins" time="0.436" /><testcase classname="backend.tests.test_rare_epic_purchase.TestPurchaseCoinsDeduction" name="test_insufficient_coins_purchase_fails" time="0.718" /><testcase classname="backend.tests.test_rare_epic_purchase.TestRareCardCost" name="test_rare_cards_cost_75" time="0.119" /><testcase classname="backend.tests.test_rare_epic_purchase.TestEpicCardCost" name="test_epic_cards_cost_100" time="0.125" /><testcase classname="backend.tests.test_rare_epic_purchase.TestComingSoonCards" name="test_unavailable_card_purchase_fails" time="0.334" /><testcase classname="backend.tests.test_rare_epic_purchase.TestRareCardUnlockRequirements" name="test_rare_cards_have_achievement_requirements" time="0.107" /><testcase classname="backend.tests.test_rare_epic_purchase.TestEpicCardStreakRequirements" name="test_epic_cards_have_streak_requirements" time="0.121" /></testsuite></testsuites>